  Black_Jack.cpp
c:\users\asus\desktop\blackjack\black_jack.cpp(9): error C2572: Pack::Pack: переопределение параметра по умолчанию: параметр 1
  c:\users\asus\desktop\blackjack\header.h(33): note:  см. объявление "Pack::Pack"
c:\users\asus\desktop\blackjack\black_jack.cpp(19): error C2511: void Pack::fullPack(unsigned char,Mode): перегруженная функция-член не найдена в "Pack"
  c:\users\asus\desktop\blackjack\header.h(29): note:  см. объявление "Pack"
c:\users\asus\desktop\blackjack\black_jack.cpp(30): error C2597: недопустимая ссылка на нестатический член "Pack::pack"
c:\users\asus\desktop\blackjack\black_jack.cpp(30): error C3867: "Pack::pack": нестандартный синтаксис; используйте "&", чтобы создать указатель на член
c:\users\asus\desktop\blackjack\black_jack.cpp(30): error C2109: для индекса требуется массив или указатель
c:\users\asus\desktop\blackjack\black_jack.cpp(33): error C2597: недопустимая ссылка на нестатический член "Pack::pack"
c:\users\asus\desktop\blackjack\black_jack.cpp(33): error C3867: "Pack::pack": нестандартный синтаксис; используйте "&", чтобы создать указатель на член
c:\users\asus\desktop\blackjack\black_jack.cpp(33): error C2109: для индекса требуется массив или указатель
c:\users\asus\desktop\blackjack\black_jack.cpp(38): error C2511: void Pack::shuffle(unsigned char,Mode): перегруженная функция-член не найдена в "Pack"
  c:\users\asus\desktop\blackjack\header.h(29): note:  см. объявление "Pack"
c:\users\asus\desktop\blackjack\black_jack.cpp(39): warning C4244: аргумент: преобразование "time_t" в "unsigned int", возможна потеря данных
c:\users\asus\desktop\blackjack\black_jack.cpp(41): error C2597: недопустимая ссылка на нестатический член "Pack::pack"
c:\users\asus\desktop\blackjack\black_jack.cpp(41): error C3867: "Pack::pack": нестандартный синтаксис; используйте "&", чтобы создать указатель на член
c:\users\asus\desktop\blackjack\black_jack.cpp(41): error C2109: для индекса требуется массив или указатель
c:\users\asus\desktop\blackjack\black_jack.cpp(41): error C2660: swap: функция не принимает 1 аргументов
  c:\users\asus\desktop\blackjack\black_jack.cpp(3): note:  см. объявление "swap"
  main.cpp
  Создание кода...
